<?xml version="1.0" encoding="UTF-8"?>
<testsuite name="org.example.AppTest" tests="1" skipped="0" failures="0" errors="0" timestamp="2025-02-24T23:42:48" hostname="Mac.attlocal.net" time="0.007">
  <properties/>
  <testcase name="appHasAGreeting()" classname="org.example.AppTest" time="0.007"/>
  <system-out><![CDATA[]]></system-out>
  <system-err><![CDATA[]]></system-err>
</testsuite>
